INFO:werkzeug:[31m[1mWARNING: This is a development server. Do not use it in a production deployment. Use a production WSGI server instead.[0m
 * Running on http://127.0.0.1:8080
INFO:werkzeug:[33mPress CTRL+C to quit[0m
INFO:werkzeug: * Restarting with stat
WARNING:werkzeug: * Debugger is active!
INFO:werkzeug: * Debugger PIN: 143-080-066
INFO:logger:API stubs online: http://127.0.0.1:8080
INFO:logger:API stubs online: http://127.0.0.1:8080
INFO:werkzeug:[31m[1mWARNING: This is a development server. Do not use it in a production deployment. Use a production WSGI server instead.[0m
 * Running on http://127.0.0.1:8080
INFO:werkzeug:[33mPress CTRL+C to quit[0m
INFO:werkzeug: * Restarting with stat
WARNING:werkzeug: * Debugger is active!
INFO:werkzeug: * Debugger PIN: 143-080-066
INFO:logger:API stubs online: http://127.0.0.1:8080
INFO:logger:API stubs online: http://127.0.0.1:8080
INFO:werkzeug:[31m[1mWARNING: This is a development server. Do not use it in a production deployment. Use a production WSGI server instead.[0m
 * Running on http://127.0.0.1:8080
INFO:werkzeug:[33mPress CTRL+C to quit[0m
INFO:werkzeug: * Restarting with stat
WARNING:werkzeug: * Debugger is active!
INFO:werkzeug: * Debugger PIN: 143-080-066
INFO:logger:API stubs online: http://127.0.0.1:8080
INFO:logger:API stubs online: http://127.0.0.1:8080
INFO:werkzeug:[31m[1mWARNING: This is a development server. Do not use it in a production deployment. Use a production WSGI server instead.[0m
 * Running on http://127.0.0.1:8080
INFO:werkzeug:[33mPress CTRL+C to quit[0m
INFO:werkzeug: * Restarting with stat
WARNING:werkzeug: * Debugger is active!
INFO:werkzeug: * Debugger PIN: 143-080-066
INFO:logger:API stubs online: http://127.0.0.1:8080
INFO:logger:API stubs online: http://127.0.0.1:8080
INFO:werkzeug:[31m[1mWARNING: This is a development server. Do not use it in a production deployment. Use a production WSGI server instead.[0m
 * Running on http://127.0.0.1:8080
INFO:werkzeug:[33mPress CTRL+C to quit[0m
INFO:werkzeug: * Restarting with stat
WARNING:werkzeug: * Debugger is active!
INFO:werkzeug: * Debugger PIN: 143-080-066
INFO:werkzeug:127.0.0.1 - - [12/Apr/2025 17:00:30] "[33mGET / HTTP/1.1[0m" 404 -
INFO:logger:token: Bearer Sample token, should be random!
INFO:werkzeug:127.0.0.1 - - [12/Apr/2025 17:00:37] "POST /dbproj/register/student HTTP/1.1" 200 -
INFO:logger:token: Bearer Sample token, should be random!
INFO:werkzeug:127.0.0.1 - - [12/Apr/2025 17:00:56] "POST /dbproj/enroll_activity/1 HTTP/1.1" 200 -
INFO:logger:API stubs online: http://127.0.0.1:8080
INFO:logger:API stubs online: http://127.0.0.1:8080
INFO:werkzeug:[31m[1mWARNING: This is a development server. Do not use it in a production deployment. Use a production WSGI server instead.[0m
 * Running on http://127.0.0.1:8080
INFO:werkzeug:[33mPress CTRL+C to quit[0m
INFO:werkzeug: * Restarting with stat
WARNING:werkzeug: * Debugger is active!
INFO:werkzeug: * Debugger PIN: 143-080-066
INFO:logger:token: Bearer Sample token, should be random!
INFO:werkzeug:127.0.0.1 - - [12/Apr/2025 17:01:20] "POST /dbproj/enroll_activity/1 HTTP/1.1" 200 -
INFO:logger:token: Bearer Sample token, should be random!
INFO:werkzeug:127.0.0.1 - - [12/Apr/2025 17:01:21] "POST /dbproj/enroll_activity/1 HTTP/1.1" 200 -
INFO:logger:token: Bearer Sample token, should be random!
INFO:werkzeug:127.0.0.1 - - [12/Apr/2025 17:01:32] "POST /dbproj/enroll_activity/1 HTTP/1.1" 200 -
INFO:werkzeug: * Detected change in 'c:\\Users\\Ricardo\\OneDrive\\Ambiente de Trabalho\\BD\\projeto_BD\\python\\demo-api.py', reloading
INFO:werkzeug: * Restarting with stat
WARNING:werkzeug: * Debugger is active!
INFO:werkzeug: * Debugger PIN: 143-080-066
INFO:logger:API stubs online: http://127.0.0.1:8080
INFO:logger:API stubs online: http://127.0.0.1:8080
INFO:werkzeug:[31m[1mWARNING: This is a development server. Do not use it in a production deployment. Use a production WSGI server instead.[0m
 * Running on http://127.0.0.1:8080
INFO:werkzeug:[33mPress CTRL+C to quit[0m
INFO:werkzeug: * Restarting with stat
WARNING:werkzeug: * Debugger is active!
INFO:werkzeug: * Debugger PIN: 143-080-066
INFO:logger:token: Bearer Sample token, should be random!
INFO:werkzeug:127.0.0.1 - - [12/Apr/2025 17:02:16] "POST /dbproj/enroll_activity/1 HTTP/1.1" 200 -
INFO:logger:token: Bearer Sample token, should be random!
INFO:werkzeug:127.0.0.1 - - [12/Apr/2025 17:02:22] "POST /dbproj/register/student HTTP/1.1" 200 -
INFO:logger:token: Bearer Sample token, should be random!
INFO:werkzeug:127.0.0.1 - - [12/Apr/2025 17:03:45] "POST /dbproj/register/student HTTP/1.1" 200 -
INFO:logger:token: Bearer Sample token, should be random!
INFO:werkzeug:127.0.0.1 - - [12/Apr/2025 17:03:47] "POST /dbproj/register/student HTTP/1.1" 200 -
INFO:logger:API stubs online: http://127.0.0.1:8080
INFO:logger:API stubs online: http://127.0.0.1:8080
INFO:werkzeug:[31m[1mWARNING: This is a development server. Do not use it in a production deployment. Use a production WSGI server instead.[0m
 * Running on http://127.0.0.1:8080
INFO:werkzeug:[33mPress CTRL+C to quit[0m
INFO:werkzeug: * Restarting with stat
WARNING:werkzeug: * Debugger is active!
INFO:werkzeug: * Debugger PIN: 143-080-066
INFO:logger:token: Bearer Sample token, should be random!
INFO:werkzeug:127.0.0.1 - - [16/Apr/2025 16:03:16] "POST /dbproj/register/student HTTP/1.1" 200 -
INFO:logger:token: Bearer Sample token, should be random!
INFO:werkzeug:127.0.0.1 - - [16/Apr/2025 16:07:11] "[31m[1mPOST /dbproj/register/student HTTP/1.1[0m" 400 -
INFO:logger:token: Bearer Sample token, should be random!
INFO:werkzeug:127.0.0.1 - - [16/Apr/2025 16:07:20] "POST /dbproj/register/student HTTP/1.1" 200 -
INFO:logger:token: Bearer Sample token, should be random!
INFO:werkzeug:127.0.0.1 - - [16/Apr/2025 16:13:18] "POST /dbproj/register/student HTTP/1.1" 200 -
INFO:logger:token: Bearer Sample token, should be random!
INFO:werkzeug:127.0.0.1 - - [16/Apr/2025 16:13:20] "POST /dbproj/register/student HTTP/1.1" 200 -
INFO:logger:token: Bearer Sample token, should be random!
INFO:werkzeug:127.0.0.1 - - [16/Apr/2025 16:14:29] "POST /dbproj/register/student HTTP/1.1" 200 -
INFO:logger:API stubs online: http://127.0.0.1:8080
INFO:logger:API stubs online: http://127.0.0.1:8080
INFO:werkzeug:[31m[1mWARNING: This is a development server. Do not use it in a production deployment. Use a production WSGI server instead.[0m
 * Running on http://127.0.0.1:8080
INFO:werkzeug:[33mPress CTRL+C to quit[0m
INFO:werkzeug: * Restarting with stat
WARNING:werkzeug: * Debugger is active!
INFO:werkzeug: * Debugger PIN: 143-080-066
INFO:logger:token: Bearer Sample token, should be random!
INFO:werkzeug:127.0.0.1 - - [16/Apr/2025 16:14:45] "POST /dbproj/register/student HTTP/1.1" 200 -
INFO:logger:token: Bearer Sample token, should be random!
INFO:werkzeug:127.0.0.1 - - [16/Apr/2025 16:14:46] "POST /dbproj/register/student HTTP/1.1" 200 -
INFO:werkzeug: * Detected change in 'c:\\Users\\Ricardo\\OneDrive\\Ambiente de Trabalho\\BD\\projeto_BD\\python\\demo-api.py', reloading
INFO:werkzeug: * Restarting with stat
INFO:werkzeug:[31m[1mWARNING: This is a development server. Do not use it in a production deployment. Use a production WSGI server instead.[0m
 * Running on http://127.0.0.1:8080
INFO:werkzeug:[33mPress CTRL+C to quit[0m
INFO:werkzeug: * Restarting with stat
WARNING:werkzeug: * Debugger is active!
INFO:werkzeug: * Debugger PIN: 143-080-066
INFO:logger:token: Bearer Sample token, should be random!
INFO:logger:POST /dbproj/register/student
DEBUG:logger:POST /dbproj/register/student - payload: {'username': 'student1', 'address': 'asdasda', 'district': 'dsasa', 'email': 'student1@example.com', 'password': 'pass123'}
INFO:werkzeug:127.0.0.1 - - [16/Apr/2025 16:27:05] "POST /dbproj/register/student HTTP/1.1" 200 -
INFO:werkzeug:[31m[1mWARNING: This is a development server. Do not use it in a production deployment. Use a production WSGI server instead.[0m
 * Running on http://127.0.0.1:8080
INFO:werkzeug:[33mPress CTRL+C to quit[0m
INFO:werkzeug: * Restarting with stat
WARNING:werkzeug: * Debugger is active!
INFO:werkzeug: * Debugger PIN: 143-080-066
INFO:logger:token: Bearer Sample token, should be random!
INFO:logger:POST /dbproj/register/student
DEBUG:logger:POST /dbproj/register/student - payload: {'username': 'student1', 'address': 'asdasda', 'district': 'dsasa', 'email': 'student1@example.com', 'password': 'pass123'}
ERROR:logger:POST /register/student - error: ERRO:  duplicar valor da chave viola a restrição de unicidade "person_username_email_key"
DETAIL:  Chave (username, email)=(student1, student1@example.com) já existe.

INFO:werkzeug:127.0.0.1 - - [02/May/2025 16:43:41] "POST /dbproj/register/student HTTP/1.1" 200 -
INFO:logger:token: Bearer Sample token, should be random!
INFO:logger:POST /dbproj/register/student
DEBUG:logger:POST /dbproj/register/student - payload: {'username': 'student31', 'address': 'asdasda', 'district': 'dsasa', 'email': 'student1@example.com', 'password': 'pass123'}
INFO:werkzeug:127.0.0.1 - - [02/May/2025 16:44:01] "POST /dbproj/register/student HTTP/1.1" 200 -
INFO:werkzeug: * Detected change in 'c:\\Users\\Ricardo\\OneDrive\\Ambiente de Trabalho\\BD\\projeto_BD\\python\\demo-api.py', reloading
INFO:werkzeug: * Restarting with stat
INFO:werkzeug:[31m[1mWARNING: This is a development server. Do not use it in a production deployment. Use a production WSGI server instead.[0m
 * Running on http://127.0.0.1:8080
INFO:werkzeug:[33mPress CTRL+C to quit[0m
INFO:werkzeug: * Restarting with stat
WARNING:werkzeug: * Debugger is active!
INFO:werkzeug: * Debugger PIN: 143-080-066
INFO:werkzeug:127.0.0.1 - - [02/May/2025 20:18:32] "PUT /dbproj/user HTTP/1.1" 200 -
INFO:werkzeug: * Detected change in 'c:\\Users\\Ricardo\\OneDrive\\Ambiente de Trabalho\\BD\\projeto_BD\\python\\demo-api.py', reloading
INFO:werkzeug: * Restarting with stat
WARNING:werkzeug: * Debugger is active!
INFO:werkzeug: * Debugger PIN: 143-080-066
INFO:logger:API stubs online: http://127.0.0.1:8080
INFO:logger:API stubs online: http://127.0.0.1:8080
INFO:werkzeug:[31m[1mWARNING: This is a development server. Do not use it in a production deployment. Use a production WSGI server instead.[0m
 * Running on http://127.0.0.1:8080
INFO:werkzeug:[33mPress CTRL+C to quit[0m
INFO:werkzeug: * Restarting with stat
WARNING:werkzeug: * Debugger is active!
INFO:werkzeug: * Debugger PIN: 143-080-066
INFO:werkzeug:127.0.0.1 - - [05/May/2025 18:41:11] "PUT /dbproj/user HTTP/1.1" 200 -
INFO:logger:token: Bearer Sample token, should be random!
INFO:logger:POST /dbproj/register/student
DEBUG:logger:POST /dbproj/register/student - payload: {'username': 'johyn_doe', 'email': 'john.doe@eyxample.com', 'password': 'securepayssword', 'district': 'Coimybra', 'address': '123 Myain Street', 'n_student': '1234467890', 'birth_date': '12-05-1995'}
INFO:werkzeug:127.0.0.1 - - [05/May/2025 18:41:35] "POST /dbproj/register/student HTTP/1.1" 200 -
INFO:werkzeug: * Detected change in 'c:\\Users\\Ricardo\\OneDrive\\Ambiente de Trabalho\\BD\\projeto_BD\\python\\demo-api.py', reloading
INFO:werkzeug: * Restarting with stat
WARNING:werkzeug: * Debugger is active!
INFO:werkzeug: * Debugger PIN: 143-080-066
INFO:werkzeug: * Detected change in 'c:\\Users\\Ricardo\\OneDrive\\Ambiente de Trabalho\\BD\\projeto_BD\\python\\demo-api.py', reloading
INFO:werkzeug: * Restarting with stat
WARNING:werkzeug: * Debugger is active!
INFO:werkzeug: * Debugger PIN: 143-080-066
INFO:werkzeug: * Detected change in 'c:\\Users\\Ricardo\\OneDrive\\Ambiente de Trabalho\\BD\\projeto_BD\\python\\demo-api.py', reloading
INFO:werkzeug: * Restarting with stat
WARNING:werkzeug: * Debugger is active!
INFO:werkzeug: * Debugger PIN: 143-080-066
INFO:werkzeug: * Detected change in 'c:\\Users\\Ricardo\\OneDrive\\Ambiente de Trabalho\\BD\\projeto_BD\\python\\demo-api.py', reloading
INFO:werkzeug: * Restarting with stat
WARNING:werkzeug: * Debugger is active!
INFO:werkzeug: * Debugger PIN: 143-080-066
INFO:logger:API stubs online: http://127.0.0.1:8080
INFO:logger:API stubs online: http://127.0.0.1:8080
INFO:werkzeug:[31m[1mWARNING: This is a development server. Do not use it in a production deployment. Use a production WSGI server instead.[0m
 * Running on http://127.0.0.1:8080
INFO:werkzeug:[33mPress CTRL+C to quit[0m
INFO:werkzeug: * Restarting with stat
WARNING:werkzeug: * Debugger is active!
INFO:werkzeug: * Debugger PIN: 143-080-066
INFO:logger:token: Bearer Sample token, should be random!
INFO:logger:POST /dbproj/register/student
DEBUG:logger:POST /dbproj/register/student - payload: {'username': 'johyn_doe2', 'email': 'john2.doe@eyxample.com', 'password': 'securepayssword', 'district': 'Coimybra', 'address': '123 Myain Street', 'n_student': '1234467891', 'birth_date': '12-05-1995'}
INFO:werkzeug:127.0.0.1 - - [05/May/2025 18:44:12] "POST /dbproj/register/student HTTP/1.1" 200 -
INFO:werkzeug:127.0.0.1 - - [05/May/2025 18:45:35] "PUT /dbproj/user HTTP/1.1" 200 -
INFO:logger:API stubs online: http://127.0.0.1:8080
INFO:logger:API stubs online: http://127.0.0.1:8080
INFO:werkzeug:[31m[1mWARNING: This is a development server. Do not use it in a production deployment. Use a production WSGI server instead.[0m
 * Running on http://127.0.0.1:8080
INFO:werkzeug:[33mPress CTRL+C to quit[0m
INFO:werkzeug: * Restarting with stat
WARNING:werkzeug: * Debugger is active!
INFO:werkzeug: * Debugger PIN: 143-080-066
INFO:logger:token: Bearer Sample token, should be random!
INFO:logger:POST /dbproj/register/student
DEBUG:logger:POST /dbproj/register/student - payload: {'username': 'johyn_doe22', 'email': 'john22.doe@eyxample.com', 'password': 'securepayssword', 'district': 'Coimybra', 'address': '123 Myain Street', 'n_student': '1234467893', 'birth_date': '12-05-1995'}
INFO:werkzeug:127.0.0.1 - - [05/May/2025 18:58:57] "POST /dbproj/register/student HTTP/1.1" 200 -
INFO:werkzeug:127.0.0.1 - - [05/May/2025 19:00:05] "PUT /dbproj/user HTTP/1.1" 200 -
INFO:werkzeug:[31m[1mWARNING: This is a development server. Do not use it in a production deployment. Use a production WSGI server instead.[0m
 * Running on http://127.0.0.1:8080
INFO:werkzeug:[33mPress CTRL+C to quit[0m
INFO:werkzeug: * Restarting with stat
WARNING:werkzeug: * Debugger is active!
INFO:werkzeug: * Debugger PIN: 143-080-066
INFO:werkzeug:127.0.0.1 - - [08/May/2025 11:15:03] "PUT /dbproj/user HTTP/1.1" 200 -
INFO:werkzeug:[31m[1mWARNING: This is a development server. Do not use it in a production deployment. Use a production WSGI server instead.[0m
 * Running on http://127.0.0.1:8080
INFO:werkzeug:[33mPress CTRL+C to quit[0m
INFO:werkzeug: * Restarting with stat
WARNING:werkzeug: * Debugger is active!
INFO:werkzeug: * Debugger PIN: 143-080-066
INFO:logger:token: Bearer Sample token, should be random!
INFO:logger:POST /dbproj/register/staff
INFO:werkzeug:127.0.0.1 - - [11/May/2025 10:24:43] "[31m[1mPOST /dbproj/register/staff HTTP/1.1[0m" 401 -
INFO:logger:token: Bearer Sample token, should be random!
INFO:logger:POST /dbproj/register/staff
INFO:werkzeug:127.0.0.1 - - [11/May/2025 10:25:58] "[31m[1mPOST /dbproj/register/staff HTTP/1.1[0m" 401 -
INFO:logger:token: Bearer Sample token, should be random!
INFO:logger:POST /dbproj/register/staff
INFO:werkzeug:127.0.0.1 - - [11/May/2025 10:25:59] "[31m[1mPOST /dbproj/register/staff HTTP/1.1[0m" 401 -
INFO:werkzeug: * Detected change in 'c:\\Users\\Ricardo\\OneDrive\\Ambiente de Trabalho\\BD\\projeto_BD\\python\\demo-api.py', reloading
INFO:werkzeug: * Restarting with stat
WARNING:werkzeug: * Debugger is active!
INFO:werkzeug: * Debugger PIN: 143-080-066
INFO:logger:token: Bearer Sample token, should be random!
INFO:logger:POST /dbproj/register/staff
DEBUG:logger:POST /dbproj/register/staff - payload: {'username': 'johyn_doe22', 'email': 'john22.doe@eyxample.com', 'password': 'securepayssword', 'district': 'Coimybra', 'address': '123 Myain Street', 'n_student': '1234467893', 'birth_date': '12-05-1995', 'n_staff': '123'}
INFO:werkzeug:127.0.0.1 - - [11/May/2025 10:26:32] "POST /dbproj/register/staff HTTP/1.1" 200 -
INFO:logger:token: Bearer Sample token, should be random!
INFO:logger:POST /dbproj/register/staff
DEBUG:logger:POST /dbproj/register/staff - payload: {'username': 'johyn_doe22', 'email': 'john22.doe@eyxample.com', 'password': 'securepayssword', 'district': 'Coimybra', 'address': '123 Myain Street', 'n_student': '1234467893', 'birth_date': '12-05-1995', 'n_staff': '1234567890'}
ERROR:logger:POST /register/staff - error: ERRO:  duplicar valor da chave viola a restrição de unicidade "person_username_email_key"
DETAIL:  Chave (username, email)=(johyn_doe22, john22.doe@eyxample.com) já existe.

INFO:werkzeug:127.0.0.1 - - [11/May/2025 10:26:45] "POST /dbproj/register/staff HTTP/1.1" 200 -
INFO:logger:token: Bearer Sample token, should be random!
INFO:logger:POST /dbproj/register/staff
DEBUG:logger:POST /dbproj/register/staff - payload: {'username': 'johyn', 'email': 'john.doe@eyxample.com', 'password': 'securepayssword', 'district': 'Coimybra', 'address': '123 Myain Street', 'n_student': '1234467893', 'birth_date': '12-05-1995', 'n_staff': '1234567890'}
INFO:werkzeug:127.0.0.1 - - [11/May/2025 10:27:12] "POST /dbproj/register/staff HTTP/1.1" 200 -
INFO:werkzeug: * Detected change in 'c:\\Users\\Ricardo\\OneDrive\\Ambiente de Trabalho\\BD\\projeto_BD\\python\\demo-api.py', reloading
INFO:werkzeug: * Restarting with stat
WARNING:werkzeug: * Debugger is active!
INFO:werkzeug: * Debugger PIN: 143-080-066
INFO:werkzeug:127.0.0.1 - - [11/May/2025 10:30:51] "PUT /dbproj/user HTTP/1.1" 200 -
INFO:werkzeug:127.0.0.1 - - [11/May/2025 10:31:11] "PUT /dbproj/user HTTP/1.1" 200 -
INFO:logger:token: Bearer eyJhbGciOiJIUzI1NiIsInR5cCI6IkpXVCJ9.eyJpZCI6OCwiZXhwIjoxNzQ2OTU5NDUxfQ.txd7jIFxMH5DEt9m5K4q8-wUcCx8OkX2-FSbqtbKdps
INFO:logger:POST /dbproj/register/staff
DEBUG:logger:POST /dbproj/register/staff - payload: {'username': 'andre', 'email': 'andre@eyxample.com', 'password': 'andre123', 'district': 'Coimybra', 'address': '123 Myain Street', 'n_student': '1234467893', 'birth_date': '12-05-1995', 'n_staff': '1323213210'}
INFO:werkzeug:127.0.0.1 - - [11/May/2025 10:32:06] "POST /dbproj/register/staff HTTP/1.1" 200 -
INFO:werkzeug: * Detected change in 'c:\\Users\\Ricardo\\OneDrive\\Ambiente de Trabalho\\BD\\projeto_BD\\python\\demo-api.py', reloading
INFO:werkzeug: * Restarting with stat
WARNING:werkzeug: * Debugger is active!
INFO:werkzeug: * Debugger PIN: 143-080-066
INFO:werkzeug: * Detected change in 'c:\\Users\\Ricardo\\OneDrive\\Ambiente de Trabalho\\BD\\projeto_BD\\python\\demo-api.py', reloading
INFO:werkzeug: * Restarting with stat
WARNING:werkzeug: * Debugger is active!
INFO:werkzeug: * Debugger PIN: 143-080-066
INFO:werkzeug: * Detected change in 'c:\\Users\\Ricardo\\OneDrive\\Ambiente de Trabalho\\BD\\projeto_BD\\python\\demo-api.py', reloading
INFO:werkzeug: * Restarting with stat
WARNING:werkzeug: * Debugger is active!
INFO:werkzeug: * Debugger PIN: 143-080-066
INFO:werkzeug: * Detected change in 'c:\\Users\\Ricardo\\OneDrive\\Ambiente de Trabalho\\BD\\projeto_BD\\python\\demo-api.py', reloading
INFO:werkzeug: * Restarting with stat
WARNING:werkzeug: * Debugger is active!
INFO:werkzeug: * Debugger PIN: 143-080-066
INFO:werkzeug: * Detected change in 'c:\\Users\\Ricardo\\OneDrive\\Ambiente de Trabalho\\BD\\projeto_BD\\python\\demo-api.py', reloading
INFO:werkzeug: * Restarting with stat
WARNING:werkzeug: * Debugger is active!
INFO:werkzeug: * Debugger PIN: 143-080-066
INFO:werkzeug: * Detected change in 'c:\\Users\\Ricardo\\OneDrive\\Ambiente de Trabalho\\BD\\projeto_BD\\python\\demo-api.py', reloading
INFO:werkzeug: * Restarting with stat
WARNING:werkzeug: * Debugger is active!
INFO:werkzeug: * Debugger PIN: 143-080-066
INFO:werkzeug: * Detected change in 'c:\\Users\\Ricardo\\OneDrive\\Ambiente de Trabalho\\BD\\projeto_BD\\python\\demo-api.py', reloading
INFO:werkzeug: * Restarting with stat
WARNING:werkzeug: * Debugger is active!
INFO:werkzeug: * Debugger PIN: 143-080-066
INFO:werkzeug: * Detected change in 'c:\\Users\\Ricardo\\OneDrive\\Ambiente de Trabalho\\BD\\projeto_BD\\python\\demo-api.py', reloading
INFO:werkzeug: * Restarting with stat
WARNING:werkzeug: * Debugger is active!
INFO:werkzeug: * Debugger PIN: 143-080-066
INFO:werkzeug: * Detected change in 'c:\\Users\\Ricardo\\OneDrive\\Ambiente de Trabalho\\BD\\projeto_BD\\python\\demo-api.py', reloading
INFO:werkzeug: * Restarting with stat
WARNING:werkzeug: * Debugger is active!
INFO:werkzeug: * Debugger PIN: 143-080-066
INFO:werkzeug: * Detected change in 'c:\\Users\\Ricardo\\OneDrive\\Ambiente de Trabalho\\BD\\projeto_BD\\python\\demo-api.py', reloading
INFO:werkzeug: * Restarting with stat
WARNING:werkzeug: * Debugger is active!
INFO:werkzeug: * Debugger PIN: 143-080-066
INFO:werkzeug: * Detected change in 'c:\\Users\\Ricardo\\OneDrive\\Ambiente de Trabalho\\BD\\projeto_BD\\python\\demo-api.py', reloading
INFO:werkzeug: * Restarting with stat
WARNING:werkzeug: * Debugger is active!
INFO:werkzeug: * Debugger PIN: 143-080-066
INFO:werkzeug: * Detected change in 'c:\\Users\\Ricardo\\OneDrive\\Ambiente de Trabalho\\BD\\projeto_BD\\python\\demo-api.py', reloading
INFO:werkzeug: * Restarting with stat
WARNING:werkzeug: * Debugger is active!
INFO:werkzeug: * Debugger PIN: 143-080-066
INFO:werkzeug: * Detected change in 'c:\\Users\\Ricardo\\OneDrive\\Ambiente de Trabalho\\BD\\projeto_BD\\python\\demo-api.py', reloading
INFO:werkzeug: * Restarting with stat
WARNING:werkzeug: * Debugger is active!
INFO:werkzeug: * Debugger PIN: 143-080-066
INFO:werkzeug: * Detected change in 'c:\\Users\\Ricardo\\OneDrive\\Ambiente de Trabalho\\BD\\projeto_BD\\python\\demo-api.py', reloading
INFO:werkzeug: * Restarting with stat
WARNING:werkzeug: * Debugger is active!
INFO:werkzeug: * Debugger PIN: 143-080-066
INFO:werkzeug: * Detected change in 'c:\\Users\\Ricardo\\OneDrive\\Ambiente de Trabalho\\BD\\projeto_BD\\python\\demo-api.py', reloading
INFO:werkzeug: * Restarting with stat
WARNING:werkzeug: * Debugger is active!
INFO:werkzeug: * Debugger PIN: 143-080-066
INFO:werkzeug: * Detected change in 'c:\\Users\\Ricardo\\OneDrive\\Ambiente de Trabalho\\BD\\projeto_BD\\python\\demo-api.py', reloading
INFO:werkzeug: * Restarting with stat
WARNING:werkzeug: * Debugger is active!
INFO:werkzeug: * Debugger PIN: 143-080-066
INFO:werkzeug: * Detected change in 'c:\\Users\\Ricardo\\OneDrive\\Ambiente de Trabalho\\BD\\projeto_BD\\python\\demo-api.py', reloading
INFO:werkzeug: * Restarting with stat
WARNING:werkzeug: * Debugger is active!
INFO:werkzeug: * Debugger PIN: 143-080-066
INFO:logger:token: Bearer eyJhbGciOiJIUzI1NiIsInR5cCI6IkpXVCJ9.eyJpZCI6OCwiZXhwIjoxNzQ2OTU5NDUxfQ.txd7jIFxMH5DEt9m5K4q8-wUcCx8OkX2-FSbqtbKdps
INFO:logger:POST /dbproj/register/staff
DEBUG:logger:POST /dbproj/register/staff - payload: {'username': 'andre132', 'name': 'Andre', 'email': 'andre12@eyxample.com', 'password': 'andre123', 'district': 'Coimybra', 'address': '123 Myain Street', 'n_student': '1234467893', 'birth_date': '12-05-1995', 'n_staff': '1323213210'}
ERROR:logger:POST /register/staff - error: ERRO:  duplicar valor da chave viola a restrição de unicidade "staff_n_staff_key"
DETAIL:  Chave (n_staff)=(1323213210) já existe.

INFO:werkzeug:127.0.0.1 - - [11/May/2025 10:35:40] "POST /dbproj/register/staff HTTP/1.1" 200 -
INFO:logger:token: Bearer eyJhbGciOiJIUzI1NiIsInR5cCI6IkpXVCJ9.eyJpZCI6OCwiZXhwIjoxNzQ2OTU5NDUxfQ.txd7jIFxMH5DEt9m5K4q8-wUcCx8OkX2-FSbqtbKdps
INFO:logger:POST /dbproj/register/staff
DEBUG:logger:POST /dbproj/register/staff - payload: {'username': 'andre132', 'name': 'Andre', 'email': 'andre12@eyxample.com', 'password': 'andre123', 'district': 'Coimybra', 'address': '123 Myain Street', 'n_student': '1234467893', 'birth_date': '12-05-1995', 'n_staff': '1323213510'}
ERROR:logger:POST /register/staff - error: ERRO:  duplicar valor da chave viola a restrição de unicidade "person_username_email_key"
DETAIL:  Chave (username, email)=(andre132, andre12@eyxample.com) já existe.

INFO:werkzeug:127.0.0.1 - - [11/May/2025 10:35:48] "POST /dbproj/register/staff HTTP/1.1" 200 -
INFO:logger:token: Bearer eyJhbGciOiJIUzI1NiIsInR5cCI6IkpXVCJ9.eyJpZCI6OCwiZXhwIjoxNzQ2OTU5NDUxfQ.txd7jIFxMH5DEt9m5K4q8-wUcCx8OkX2-FSbqtbKdps
INFO:logger:POST /dbproj/register/staff
DEBUG:logger:POST /dbproj/register/staff - payload: {'username': 'nndre132', 'name': 'Andre', 'email': 'andre12432@eyxample.com', 'password': 'andre123', 'district': 'Coimybra', 'address': '123 Myain Street', 'n_student': '1234467893', 'birth_date': '12-05-1995', 'n_staff': '1323213510'}
INFO:werkzeug:127.0.0.1 - - [11/May/2025 10:36:22] "POST /dbproj/register/staff HTTP/1.1" 200 -
INFO:werkzeug: * Detected change in 'c:\\Users\\Ricardo\\OneDrive\\Ambiente de Trabalho\\BD\\projeto_BD\\python\\demo-api.py', reloading
INFO:werkzeug: * Restarting with stat
WARNING:werkzeug: * Debugger is active!
INFO:werkzeug: * Debugger PIN: 143-080-066
INFO:werkzeug: * Detected change in 'c:\\Users\\Ricardo\\OneDrive\\Ambiente de Trabalho\\BD\\projeto_BD\\python\\demo-api.py', reloading
INFO:werkzeug: * Restarting with stat
WARNING:werkzeug: * Debugger is active!
INFO:werkzeug: * Debugger PIN: 143-080-066
INFO:werkzeug:127.0.0.1 - - [11/May/2025 10:42:07] "[31m[1mGET /dbproj/enroll_degree/{degree_id} HTTP/1.1[0m" 405 -
INFO:werkzeug:127.0.0.1 - - [11/May/2025 10:42:07] "[33mGET /favicon.ico HTTP/1.1[0m" 404 -
INFO:werkzeug:[31m[1mWARNING: This is a development server. Do not use it in a production deployment. Use a production WSGI server instead.[0m
 * Running on http://127.0.0.1:8080
INFO:werkzeug:[33mPress CTRL+C to quit[0m
INFO:werkzeug: * Restarting with stat
WARNING:werkzeug: * Debugger is active!
INFO:werkzeug: * Debugger PIN: 143-080-066
INFO:logger:token: Bearer eyJhbGciOiJIUzI1NiIsInR5cCI6IkpXVCJ9.eyJpZCI6OCwiZXhwIjoxNzQ2OTU5NDUxfQ.txd7jIFxMH5DEt9m5K4q8-wUcCx8OkX2-FSbqtbKdps
INFO:werkzeug:127.0.0.1 - - [11/May/2025 11:10:14] "POST /dbproj/enroll_degree/1 HTTP/1.1" 200 -
INFO:logger:token: Bearer eyJhbGciOiJIUzI1NiIsInR5cCI6IkpXVCJ9.eyJpZCI6OCwiZXhwIjoxNzQ2OTU5NDUxfQ.txd7jIFxMH5DEt9m5K4q8-wUcCx8OkX2-FSbqtbKdps
ERROR:logger:POST /enroll_degree - error: not all arguments converted during string formatting
INFO:werkzeug:127.0.0.1 - - [11/May/2025 11:10:35] "POST /dbproj/enroll_degree/1 HTTP/1.1" 200 -
INFO:werkzeug: * Detected change in 'c:\\Users\\Ricardo\\OneDrive\\Ambiente de Trabalho\\BD\\projeto_BD\\python\\demo-api.py', reloading
INFO:werkzeug: * Restarting with stat
WARNING:werkzeug: * Debugger is active!
INFO:werkzeug: * Debugger PIN: 143-080-066
INFO:werkzeug: * Detected change in 'c:\\Users\\Ricardo\\OneDrive\\Ambiente de Trabalho\\BD\\projeto_BD\\python\\demo-api.py', reloading
INFO:werkzeug: * Restarting with stat
WARNING:werkzeug: * Debugger is active!
INFO:werkzeug: * Debugger PIN: 143-080-066
INFO:werkzeug: * Detected change in 'c:\\Users\\Ricardo\\OneDrive\\Ambiente de Trabalho\\BD\\projeto_BD\\python\\demo-api.py', reloading
INFO:werkzeug: * Restarting with stat
WARNING:werkzeug: * Debugger is active!
INFO:werkzeug: * Debugger PIN: 143-080-066
INFO:logger:token: Bearer eyJhbGciOiJIUzI1NiIsInR5cCI6IkpXVCJ9.eyJpZCI6OCwiZXhwIjoxNzQ2OTU5NDUxfQ.txd7jIFxMH5DEt9m5K4q8-wUcCx8OkX2-FSbqtbKdps
ERROR:logger:POST /enroll_degree - error: not all arguments converted during string formatting
INFO:werkzeug:127.0.0.1 - - [11/May/2025 11:12:24] "POST /dbproj/enroll_degree/1 HTTP/1.1" 200 -
INFO:werkzeug: * Detected change in 'c:\\Users\\Ricardo\\OneDrive\\Ambiente de Trabalho\\BD\\projeto_BD\\python\\demo-api.py', reloading
INFO:werkzeug: * Restarting with stat
WARNING:werkzeug: * Debugger is active!
INFO:werkzeug: * Debugger PIN: 143-080-066
INFO:logger:token: Bearer eyJhbGciOiJIUzI1NiIsInR5cCI6IkpXVCJ9.eyJpZCI6OCwiZXhwIjoxNzQ2OTU5NDUxfQ.txd7jIFxMH5DEt9m5K4q8-wUcCx8OkX2-FSbqtbKdps
ERROR:logger:POST /enroll_degree - error: not all arguments converted during string formatting
INFO:werkzeug:127.0.0.1 - - [11/May/2025 11:12:34] "POST /dbproj/enroll_degree/1 HTTP/1.1" 200 -
INFO:werkzeug: * Detected change in 'c:\\Users\\Ricardo\\OneDrive\\Ambiente de Trabalho\\BD\\projeto_BD\\python\\demo-api.py', reloading
INFO:werkzeug: * Restarting with stat
WARNING:werkzeug: * Debugger is active!
INFO:werkzeug: * Debugger PIN: 143-080-066
INFO:werkzeug: * Detected change in 'c:\\Users\\Ricardo\\OneDrive\\Ambiente de Trabalho\\BD\\projeto_BD\\python\\demo-api.py', reloading
INFO:werkzeug: * Restarting with stat
WARNING:werkzeug: * Debugger is active!
INFO:werkzeug: * Debugger PIN: 143-080-066
INFO:werkzeug: * Detected change in 'c:\\Users\\Ricardo\\OneDrive\\Ambiente de Trabalho\\BD\\projeto_BD\\python\\demo-api.py', reloading
INFO:werkzeug: * Restarting with stat
WARNING:werkzeug: * Debugger is active!
INFO:werkzeug: * Debugger PIN: 143-080-066
INFO:logger:token: Bearer eyJhbGciOiJIUzI1NiIsInR5cCI6IkpXVCJ9.eyJpZCI6OCwiZXhwIjoxNzQ2OTU5NDUxfQ.txd7jIFxMH5DEt9m5K4q8-wUcCx8OkX2-FSbqtbKdps
ERROR:logger:POST /enroll_degree - error: not all arguments converted during string formatting
INFO:werkzeug:127.0.0.1 - - [11/May/2025 11:13:08] "POST /dbproj/enroll_degree/1 HTTP/1.1" 200 -
INFO:werkzeug: * Detected change in 'c:\\Users\\Ricardo\\OneDrive\\Ambiente de Trabalho\\BD\\projeto_BD\\python\\demo-api.py', reloading
INFO:werkzeug: * Restarting with stat
WARNING:werkzeug: * Debugger is active!
INFO:werkzeug: * Debugger PIN: 143-080-066
INFO:werkzeug: * Detected change in 'c:\\Users\\Ricardo\\OneDrive\\Ambiente de Trabalho\\BD\\projeto_BD\\python\\demo-api.py', reloading
INFO:werkzeug: * Restarting with stat
WARNING:werkzeug: * Debugger is active!
INFO:werkzeug: * Debugger PIN: 143-080-066
INFO:werkzeug: * Detected change in 'c:\\Users\\Ricardo\\OneDrive\\Ambiente de Trabalho\\BD\\projeto_BD\\python\\demo-api.py', reloading
INFO:werkzeug: * Restarting with stat
WARNING:werkzeug: * Debugger is active!
INFO:werkzeug: * Debugger PIN: 143-080-066
INFO:werkzeug: * Detected change in 'c:\\Users\\Ricardo\\OneDrive\\Ambiente de Trabalho\\BD\\projeto_BD\\python\\demo-api.py', reloading
INFO:werkzeug: * Restarting with stat
WARNING:werkzeug: * Debugger is active!
INFO:werkzeug: * Debugger PIN: 143-080-066
INFO:werkzeug: * Detected change in 'c:\\Users\\Ricardo\\OneDrive\\Ambiente de Trabalho\\BD\\projeto_BD\\python\\demo-api.py', reloading
INFO:werkzeug: * Restarting with stat
WARNING:werkzeug: * Debugger is active!
INFO:werkzeug: * Debugger PIN: 143-080-066
INFO:werkzeug: * Detected change in 'c:\\Users\\Ricardo\\OneDrive\\Ambiente de Trabalho\\BD\\projeto_BD\\python\\demo-api.py', reloading
INFO:werkzeug: * Restarting with stat
WARNING:werkzeug: * Debugger is active!
INFO:werkzeug: * Debugger PIN: 143-080-066
INFO:werkzeug: * Detected change in 'c:\\Users\\Ricardo\\OneDrive\\Ambiente de Trabalho\\BD\\projeto_BD\\python\\demo-api.py', reloading
INFO:werkzeug: * Restarting with stat
WARNING:werkzeug: * Debugger is active!
INFO:werkzeug: * Debugger PIN: 143-080-066
INFO:werkzeug: * Detected change in 'c:\\Users\\Ricardo\\OneDrive\\Ambiente de Trabalho\\BD\\projeto_BD\\python\\demo-api.py', reloading
INFO:werkzeug: * Restarting with stat
WARNING:werkzeug: * Debugger is active!
INFO:werkzeug: * Debugger PIN: 143-080-066
INFO:werkzeug: * Detected change in 'c:\\Users\\Ricardo\\OneDrive\\Ambiente de Trabalho\\BD\\projeto_BD\\python\\demo-api.py', reloading
INFO:werkzeug: * Restarting with stat
WARNING:werkzeug: * Debugger is active!
INFO:werkzeug: * Debugger PIN: 143-080-066
INFO:werkzeug: * Detected change in 'c:\\Users\\Ricardo\\OneDrive\\Ambiente de Trabalho\\BD\\projeto_BD\\python\\demo-api.py', reloading
INFO:werkzeug: * Restarting with stat
WARNING:werkzeug: * Debugger is active!
INFO:werkzeug: * Debugger PIN: 143-080-066
INFO:logger:token: Bearer eyJhbGciOiJIUzI1NiIsInR5cCI6IkpXVCJ9.eyJpZCI6OCwiZXhwIjoxNzQ2OTU5NDUxfQ.txd7jIFxMH5DEt9m5K4q8-wUcCx8OkX2-FSbqtbKdps
ERROR:logger:POST /enroll_degree - error: not all arguments converted during string formatting
INFO:werkzeug:127.0.0.1 - - [11/May/2025 11:14:51] "POST /dbproj/enroll_degree/1 HTTP/1.1" 200 -
INFO:werkzeug: * Detected change in 'c:\\Users\\Ricardo\\OneDrive\\Ambiente de Trabalho\\BD\\projeto_BD\\python\\demo-api.py', reloading
INFO:werkzeug: * Restarting with stat
WARNING:werkzeug: * Debugger is active!
INFO:werkzeug: * Debugger PIN: 143-080-066
INFO:werkzeug: * Detected change in 'c:\\Users\\Ricardo\\OneDrive\\Ambiente de Trabalho\\BD\\projeto_BD\\python\\demo-api.py', reloading
INFO:werkzeug: * Restarting with stat
WARNING:werkzeug: * Debugger is active!
INFO:werkzeug: * Debugger PIN: 143-080-066
INFO:logger:token: Bearer eyJhbGciOiJIUzI1NiIsInR5cCI6IkpXVCJ9.eyJpZCI6OCwiZXhwIjoxNzQ2OTU5NDUxfQ.txd7jIFxMH5DEt9m5K4q8-wUcCx8OkX2-FSbqtbKdps
ERROR:logger:POST /enroll_degree - error: ERRO:  coluna "id" não existe
LINE 1: SELECT id FROM student WHERE id = '1234467890'
               ^

INFO:werkzeug:127.0.0.1 - - [11/May/2025 11:16:39] "POST /dbproj/enroll_degree/1 HTTP/1.1" 200 -
INFO:werkzeug: * Detected change in 'c:\\Users\\Ricardo\\OneDrive\\Ambiente de Trabalho\\BD\\projeto_BD\\python\\demo-api.py', reloading
INFO:werkzeug: * Restarting with stat
WARNING:werkzeug: * Debugger is active!
INFO:werkzeug: * Debugger PIN: 143-080-066
INFO:werkzeug: * Detected change in 'c:\\Users\\Ricardo\\OneDrive\\Ambiente de Trabalho\\BD\\projeto_BD\\python\\demo-api.py', reloading
INFO:werkzeug: * Restarting with stat
WARNING:werkzeug: * Debugger is active!
INFO:werkzeug: * Debugger PIN: 143-080-066
INFO:werkzeug: * Detected change in 'c:\\Users\\Ricardo\\OneDrive\\Ambiente de Trabalho\\BD\\projeto_BD\\python\\demo-api.py', reloading
INFO:werkzeug: * Restarting with stat
WARNING:werkzeug: * Debugger is active!
INFO:werkzeug: * Debugger PIN: 143-080-066
INFO:werkzeug: * Detected change in 'c:\\Users\\Ricardo\\OneDrive\\Ambiente de Trabalho\\BD\\projeto_BD\\python\\demo-api.py', reloading
INFO:werkzeug: * Restarting with stat
WARNING:werkzeug: * Debugger is active!
INFO:werkzeug: * Debugger PIN: 143-080-066
INFO:werkzeug: * Detected change in 'c:\\Users\\Ricardo\\OneDrive\\Ambiente de Trabalho\\BD\\projeto_BD\\python\\demo-api.py', reloading
INFO:werkzeug: * Restarting with stat
WARNING:werkzeug: * Debugger is active!
INFO:werkzeug: * Debugger PIN: 143-080-066
INFO:logger:token: Bearer eyJhbGciOiJIUzI1NiIsInR5cCI6IkpXVCJ9.eyJpZCI6OCwiZXhwIjoxNzQ2OTU5NDUxfQ.txd7jIFxMH5DEt9m5K4q8-wUcCx8OkX2-FSbqtbKdps
ERROR:logger:POST /enroll_degree - error: ERRO:  relação "enrollment" não existe
LINE 1: INSERT INTO enrollment (enroll_date, student_person_id, degr...
                    ^

INFO:werkzeug:127.0.0.1 - - [11/May/2025 11:18:29] "POST /dbproj/enroll_degree/1 HTTP/1.1" 200 -
INFO:werkzeug: * Detected change in 'c:\\Users\\Ricardo\\OneDrive\\Ambiente de Trabalho\\BD\\projeto_BD\\python\\demo-api.py', reloading
INFO:werkzeug: * Restarting with stat
WARNING:werkzeug: * Debugger is active!
INFO:werkzeug: * Debugger PIN: 143-080-066
INFO:logger:token: Bearer eyJhbGciOiJIUzI1NiIsInR5cCI6IkpXVCJ9.eyJpZCI6OCwiZXhwIjoxNzQ2OTU5NDUxfQ.txd7jIFxMH5DEt9m5K4q8-wUcCx8OkX2-FSbqtbKdps
ERROR:logger:POST /enroll_degree - error: ERRO:  inserção ou atualização em tabela "enrollement" viola restrição de chave estrangeira "enrollement_fk1"
DETAIL:  Chave (student_person_id)=(1234467890) não está presente na tabela "student".

INFO:werkzeug:127.0.0.1 - - [11/May/2025 11:19:32] "POST /dbproj/enroll_degree/1 HTTP/1.1" 200 -
INFO:werkzeug: * Detected change in 'c:\\Users\\Ricardo\\OneDrive\\Ambiente de Trabalho\\BD\\projeto_BD\\python\\demo-api.py', reloading
INFO:werkzeug: * Restarting with stat
WARNING:werkzeug: * Debugger is active!
INFO:werkzeug: * Debugger PIN: 143-080-066
INFO:werkzeug: * Detected change in 'c:\\Users\\Ricardo\\OneDrive\\Ambiente de Trabalho\\BD\\projeto_BD\\python\\demo-api.py', reloading
INFO:werkzeug: * Restarting with stat
WARNING:werkzeug: * Debugger is active!
INFO:werkzeug: * Debugger PIN: 143-080-066
INFO:logger:token: Bearer eyJhbGciOiJIUzI1NiIsInR5cCI6IkpXVCJ9.eyJpZCI6OCwiZXhwIjoxNzQ2OTU5NDUxfQ.txd7jIFxMH5DEt9m5K4q8-wUcCx8OkX2-FSbqtbKdps
ERROR:logger:POST /enroll_degree - error: ERRO:  inserção ou atualização em tabela "enrollement" viola restrição de chave estrangeira "enrollement_fk1"
DETAIL:  Chave (student_person_id)=(1234467890) não está presente na tabela "student".

INFO:werkzeug:127.0.0.1 - - [11/May/2025 11:19:49] "POST /dbproj/enroll_degree/1 HTTP/1.1" 200 -
INFO:werkzeug: * Detected change in 'c:\\Users\\Ricardo\\OneDrive\\Ambiente de Trabalho\\BD\\projeto_BD\\python\\demo-api.py', reloading
INFO:werkzeug: * Restarting with stat
WARNING:werkzeug: * Debugger is active!
INFO:werkzeug: * Debugger PIN: 143-080-066
INFO:werkzeug: * Detected change in 'c:\\Users\\Ricardo\\OneDrive\\Ambiente de Trabalho\\BD\\projeto_BD\\python\\demo-api.py', reloading
INFO:werkzeug: * Restarting with stat
WARNING:werkzeug: * Debugger is active!
INFO:werkzeug: * Debugger PIN: 143-080-066
INFO:werkzeug: * Detected change in 'c:\\Users\\Ricardo\\OneDrive\\Ambiente de Trabalho\\BD\\projeto_BD\\python\\demo-api.py', reloading
INFO:werkzeug: * Restarting with stat
WARNING:werkzeug: * Debugger is active!
INFO:werkzeug: * Debugger PIN: 143-080-066
INFO:logger:token: Bearer eyJhbGciOiJIUzI1NiIsInR5cCI6IkpXVCJ9.eyJpZCI6OCwiZXhwIjoxNzQ2OTU5NDUxfQ.txd7jIFxMH5DEt9m5K4q8-wUcCx8OkX2-FSbqtbKdps
ERROR:logger:POST /enroll_degree - error: ERRO:  coluna "perso" não existe
LINE 1: SELECT perso FROM student WHERE n_student = '1234467890'
               ^

INFO:werkzeug:127.0.0.1 - - [11/May/2025 11:23:32] "POST /dbproj/enroll_degree/1 HTTP/1.1" 200 -
INFO:werkzeug: * Detected change in 'c:\\Users\\Ricardo\\OneDrive\\Ambiente de Trabalho\\BD\\projeto_BD\\python\\demo-api.py', reloading
INFO:werkzeug: * Restarting with stat
INFO:werkzeug:[31m[1mWARNING: This is a development server. Do not use it in a production deployment. Use a production WSGI server instead.[0m
 * Running on http://127.0.0.1:8080
INFO:werkzeug:[33mPress CTRL+C to quit[0m
INFO:werkzeug: * Restarting with stat
WARNING:werkzeug: * Debugger is active!
INFO:werkzeug: * Debugger PIN: 143-080-066
INFO:logger:token: Bearer eyJhbGciOiJIUzI1NiIsInR5cCI6IkpXVCJ9.eyJpZCI6OCwiZXhwIjoxNzQ2OTU5NDUxfQ.txd7jIFxMH5DEt9m5K4q8-wUcCx8OkX2-FSbqtbKdps
INFO:werkzeug:127.0.0.1 - - [11/May/2025 11:27:14] "POST /dbproj/enroll_degree/1 HTTP/1.1" 200 -
INFO:logger:API stubs online: http://127.0.0.1:8080
INFO:logger:API stubs online: http://127.0.0.1:8080
